<?xml version="1.0" encoding="UTF-8"?>
<robot generator="Robot 5.0.1 (Python 3.9.13 on win32)" generated="20230712 11:19:54.070" rpa="true" schemaversion="3">
<suite id="s1" name="Tasks" source="c:\Users\agandolf\Desktop\Robocorp\Certification 2\tasks.robot">
<test id="s1-t1" name="Order robots from RobotSpareBin Industries Inc" line="17">
<kw name="Open the robot order website">
<kw name="Open Available Browser" library="RPA.Browser.Selenium">
<arg>https://robotsparebinindustries.com/#/robot-order</arg>
<doc>Attempts to open a browser on the user's device from a set of
supported browsers. Automatically downloads a corresponding webdriver
if none is already installed.</doc>
<msg timestamp="20230712 11:20:07.773" level="INFO">Creating an instance of the Chrome WebDriver.</msg>
<msg timestamp="20230712 11:20:15.918" level="INFO">Created Chrome browser with arguments: --disable-dev-shm-usage --disable-web-security --allow-running-insecure-content --no-sandbox</msg>
<msg timestamp="20230712 11:20:15.919" level="INFO" html="true">&lt;p&gt;Attempted combinations:&lt;/p&gt;&lt;div class="doc"&gt;&lt;table&gt;&lt;tr&gt;&lt;th&gt;Browser&lt;/th&gt;&lt;th&gt;Download&lt;/th&gt;&lt;th&gt;Error&lt;/th&gt;&lt;/tr&gt;&lt;tr&gt;&lt;td&gt;Chrome&lt;/td&gt;&lt;td&gt;False&lt;/td&gt;&lt;td&gt;&lt;/td&gt;&lt;/tr&gt;&lt;/table&gt;&lt;/div&gt;</msg>
<msg timestamp="20230712 11:20:15.919" level="INFO">Opening url 'https://robotsparebinindustries.com/#/robot-order'</msg>
<status status="PASS" starttime="20230712 11:20:07.769" endtime="20230712 11:20:20.544"/>
</kw>
<status status="PASS" starttime="20230712 11:20:07.762" endtime="20230712 11:20:20.545"/>
</kw>
<kw name="Close the annoying modal">
<kw name="Click Button When Visible" library="RPA.Browser.Selenium">
<arg>xpath://*[@id="root"]/div/div[2]/div/div/div/div/div/button[1]</arg>
<doc>Click button identified by ``locator``, once it becomes visible.</doc>
<msg timestamp="20230712 11:20:20.613" level="INFO">Clicking button 'xpath://*[@id="root"]/div/div[2]/div/div/div/div/div/button[1]'.</msg>
<status status="PASS" starttime="20230712 11:20:20.549" endtime="20230712 11:20:20.756"/>
</kw>
<status status="PASS" starttime="20230712 11:20:20.546" endtime="20230712 11:20:20.756"/>
</kw>
<status status="PASS" starttime="20230712 11:20:07.758" endtime="20230712 11:20:20.757"/>
</test>
<doc>Orders robots from RobotSpareBin Industries Inc.
Saves the order HTML receipt as a PDF file.
Saves the screenshot of the ordered robot.
Embeds the screenshot of the robot to the PDF receipt.
Creates ZIP archive of the receipts and the images.</doc>
<status status="PASS" starttime="20230712 11:19:54.156" endtime="20230712 11:20:20.762"/>
</suite>
<statistics>
<total>
<stat pass="1" fail="0" skip="0">All Tasks</stat>
</total>
<tag>
</tag>
<suite>
<stat pass="1" fail="0" skip="0" id="s1" name="Tasks">Tasks</stat>
</suite>
</statistics>
<errors>
</errors>
</robot>
